<?xml version="1.0" encoding="UTF-8"?>
<!-- Generated by org.testng.reporters.JUnitXMLReporter -->
<testsuite hostname="P3BLAP-G01FRCV" ignored="0" name="LoginpageTest" tests="1" failures="1" timestamp="03 May 2020 06:37:06 GMT" time="86.917" errors="0">
  <testcase name="tableTest" time="10.048" classname="com.crm.qa.testclasses.PriceDeskPageTest">
    <failure type="java.lang.IndexOutOfBoundsException" message="Index: 0, Size: 0">
      <![CDATA[java.lang.IndexOutOfBoundsException: Index: 0, Size: 0
at java.util.ArrayList.rangeCheck(Unknown Source)
at java.util.ArrayList.get(Unknown Source)
at com.cardinal.qa.classes.PriceDeskPage.table(PriceDeskPage.java:41)
at com.crm.qa.testclasses.PriceDeskPageTest.tableTest(PriceDeskPageTest.java:68)
... Removed 25 stack frames]]>
    </failure>
  </testcase> <!-- tableTest -->
</testsuite> <!-- LoginpageTest -->
